SF:lib/data/models/user_information_model.g.dart
DA:13,0
DA:15,0
DA:16,0
DA:17,0
DA:19,0
DA:20,0
DA:21,0
DA:22,0
DA:23,0
DA:27,0
DA:30,0
DA:31,0
DA:32,0
DA:33,0
DA:34,0
DA:35,0
DA:36,0
DA:37,0
DA:38,0
DA:41,0
DA:42,0
DA:44,0
DA:47,0
DA:48,0
DA:49,0
LF:25
LH:0
end_of_record
SF:lib/data/models/user_information_model.dart
DA:9,1
DA:25,1
DA:26,1
DA:27,1
DA:28,1
DA:29,1
DA:30,1
DA:31,1
DA:32,1
DA:35,2
DA:36,1
DA:37,1
DA:38,1
DA:39,3
LF:14
LH:14
end_of_record
SF:lib/data/repositories_impl/user_repository_impl.dart
DA:7,1
DA:11,1
DA:13,1
DA:14,2
DA:17,1
DA:19,3
DA:20,4
DA:23,1
DA:25,2
LF:9
LH:9
end_of_record
SF:lib/domain/entities/user_information.dart
DA:4,4
LF:1
LH:1
end_of_record
SF:lib/data/models/address_information_model.dart
DA:8,0
DA:21,0
DA:22,0
DA:23,0
DA:24,0
DA:25,0
DA:28,0
DA:29,0
DA:30,0
DA:31,0
LF:10
LH:0
end_of_record
SF:lib/data/models/address_information_model.g.dart
DA:14,0
DA:16,0
DA:17,0
DA:18,0
DA:20,0
DA:21,0
DA:22,0
DA:23,0
DA:27,0
DA:30,0
DA:31,0
DA:32,0
DA:33,0
DA:34,0
DA:35,0
DA:36,0
DA:39,0
DA:40,0
DA:42,0
DA:45,0
DA:46,0
DA:47,0
LF:22
LH:0
end_of_record
SF:lib/domain/entities/address_information.dart
DA:2,0
LF:1
LH:0
end_of_record
SF:lib/data/repositories_impl/country_information_repository_impl.dart
DA:12,1
DA:13,0
DA:17,1
DA:20,1
DA:21,2
DA:22,2
DA:23,2
DA:24,2
DA:26,1
DA:27,1
DA:29,2
DA:33,0
DA:37,1
DA:41,1
DA:42,2
DA:45,2
DA:47,1
DA:50,2
DA:51,2
DA:52,2
DA:54,0
DA:55,0
DA:57,0
DA:61,0
DA:65,1
DA:69,1
DA:70,3
DA:73,2
DA:75,1
DA:78,2
DA:79,2
DA:80,2
DA:82,0
DA:83,0
DA:85,0
DA:89,3
LF:36
LH:27
end_of_record
SF:lib/core/failure.dart
DA:2,2
LF:1
LH:1
end_of_record
SF:lib/domain/entities/cities_response.dart
DA:2,3
DA:6,1
DA:7,1
DA:8,2
LF:4
LH:4
end_of_record
SF:lib/domain/entities/countries_response.dart
DA:2,3
DA:8,1
DA:9,1
DA:11,1
DA:12,4
LF:5
LH:5
end_of_record
SF:lib/domain/entities/states_response.dart
DA:2,3
DA:6,1
DA:7,2
DA:8,1
DA:9,4
LF:5
LH:5
end_of_record
SF:lib/domain/use_cases/get_cities_of_state_use_case.dart
DA:7,2
DA:13,2
DA:15,4
LF:3
LH:3
end_of_record
SF:lib/domain/use_cases/get_users_use_case.dart
DA:5,2
DA:11,2
DA:12,4
LF:3
LH:3
end_of_record
SF:lib/domain/use_cases/delete_user_use_case.dart
DA:4,2
DA:10,2
DA:11,4
LF:3
LH:3
end_of_record
SF:lib/domain/use_cases/save_user_use_case.dart
DA:5,2
DA:11,2
DA:12,4
LF:3
LH:3
end_of_record
SF:lib/presentation/provider/hive_provider.dart
DA:6,0
DA:7,0
DA:8,0
DA:9,0
LF:4
LH:0
end_of_record
SF:lib/presentation/provider/user_box_provider.dart
DA:6,3
DA:7,0
DA:8,0
DA:9,0
LF:4
LH:1
end_of_record
SF:lib/presentation/provider/user_provider.dart
DA:9,3
DA:10,0
DA:11,0
DA:14,2
DA:15,2
DA:16,3
DA:17,1
DA:18,1
DA:21,4
DA:23,4
DA:24,2
DA:26,3
DA:27,1
DA:28,1
DA:31,4
DA:32,3
DA:33,1
DA:34,1
LF:18
LH:16
end_of_record
SF:lib/domain/use_cases/get_states_of_country_use_case.dart
DA:7,2
DA:13,2
DA:14,4
LF:3
LH:3
end_of_record
SF:lib/domain/use_cases/get_countries_use_case.dart
DA:7,2
DA:13,2
DA:14,4
LF:3
LH:3
end_of_record
SF:lib/presentation/provider/country_information_provider.dart
DA:7,2
DA:8,1
DA:10,4
DA:11,2
DA:13,1
DA:14,1
DA:17,4
DA:18,2
DA:20,1
DA:21,1
DA:24,2
DA:25,2
DA:26,2
DA:28,1
DA:29,1
DA:30,2
LF:16
LH:16
end_of_record
